c:\gamecoding\gamecoding\x64\debug\vc143.pdb
c:\gamecoding\gamecoding\x64\debug\vc143.idb
c:\gamecoding\gamecoding\x64\debug\pch.obj
c:\gamecoding\gamecoding\x64\debug\gamecoding.obj
c:\gamecoding\gamecoding\x64\debug\game.obj
c:\gamecoding\gamecoding\x64\debug\gamecoding.res
c:\gamecoding\gamecoding\x64\debug\gamecoding.ilk
c:\gamecoding\binaries\gamecoding.pdb
c:\gamecoding\binaries\gamecoding.exe
c:\gamecoding\gamecoding\x64\debug\gamecoding.tlog\cl.command.1.tlog
c:\gamecoding\gamecoding\x64\debug\gamecoding.tlog\cl.items.tlog
c:\gamecoding\gamecoding\x64\debug\gamecoding.tlog\cl.read.1.tlog
c:\gamecoding\gamecoding\x64\debug\gamecoding.tlog\cl.write.1.tlog
c:\gamecoding\gamecoding\x64\debug\gamecoding.tlog\link.command.1.tlog
c:\gamecoding\gamecoding\x64\debug\gamecoding.tlog\link.read.1.tlog
c:\gamecoding\gamecoding\x64\debug\gamecoding.tlog\link.secondary.1.tlog
c:\gamecoding\gamecoding\x64\debug\gamecoding.tlog\link.write.1.tlog
c:\gamecoding\gamecoding\x64\debug\gamecoding.tlog\rc.command.1.tlog
c:\gamecoding\gamecoding\x64\debug\gamecoding.tlog\rc.read.1.tlog
c:\gamecoding\gamecoding\x64\debug\gamecoding.tlog\rc.write.1.tlog
